<?xml version="1.0" encoding="UTF-8"?>
<!-- Generated by org.testng.reporters.JUnitXMLReporter -->
<testsuite ignored="2" hostname="ICS-LT-CSK96V3" failures="0" tests="3" name="Default test" time="76.368" errors="0" timestamp="2024-08-02T12:33:23 IST">
  <testcase classname="test.DemoTest" name="login" time="38.292"/>
  <testcase classname="test.DemoTest" name="selectTenant" time="3.332"/>
  <testcase classname="test.DemoTest" name="selectDealerCustomer" time="16.646"/>
  <testcase classname="test.DemoTest" name="enterCo1Details" time="0.0">
    <ignored/>
  </testcase> <!-- enterCo1Details -->
  <testcase classname="test.DemoTest" name="enterCustomerDetails" time="0.0">
    <ignored/>
  </testcase> <!-- enterCustomerDetails -->
</testsuite> <!-- Default test -->
